Base path: '/Applications/2019.3.0f6/Unity.app/Contents', plugins path '/Applications/2019.3.0f6/PlaybackEngines'
Cmd: initializeCompiler
Cmd: translateComputeKernel
  api=14 insize=11294 outsize=24763 ok=1
Cmd: translateComputeKernel
  api=14 insize=103345 outsize=625166 ok=1
Cmd: compileComputeKernel
  api=14 insize=1505 outsize=1199 ok=1
Cmd: translateComputeKernel
  api=14 insize=1340 outsize=1319 ok=1
Cmd: compileComputeKernel
  api=14 insize=11176 outsize=10700 ok=1
Cmd: compileComputeKernel
  api=14 insize=40246 outsize=51844 ok=1
Cmd: translateComputeKernel
  api=14 insize=52276 outsize=98459 ok=1
Cmd: compileComputeKernel
  api=14 insize=22295 outsize=17192 ok=1
Cmd: translateComputeKernel
  api=14 insize=10248 outsize=14796 ok=1
Cmd: compileComputeKernel
  api=14 insize=8233 outsize=14261 ok=1
Cmd: compileComputeKernel
  api=14 insize=5056 outsize=11424 ok=1
Cmd: translateComputeKernel
  api=14 insize=11424 outsize=5745 ok=1
Cmd: compileComputeKernel
  api=14 insize=5168 outsize=1375 ok=1
Cmd: compileComputeKernel
  api=14 insize=8512 outsize=2428 ok=1
Cmd: translateComputeKernel
  api=14 insize=4811 outsize=8926 ok=1
Cmd: translateComputeKernel
  api=14 insize=15750 outsize=30921 ok=1
Cmd: compileComputeKernel
  api=14 insize=15784 outsize=71204 ok=1
Cmd: compileComputeKernel
  api=14 insize=15784 outsize=64048 ok=1
Cmd: compileComputeKernel
  api=14 insize=15784 outsize=57660 ok=1
Cmd: compileComputeKernel
  api=14 insize=15784 outsize=66445 ok=1
Cmd: translateComputeKernel
  api=14 insize=134982 outsize=308262 ok=1
Cmd: translateComputeKernel
  api=14 insize=3796 outsize=6310 ok=1
Cmd: compileComputeKernel
  api=14 insize=2557 outsize=1305 ok=1
Cmd: compileComputeKernel
  api=14 insize=3916 outsize=9793 ok=1
Cmd: compileComputeKernel
  api=14 insize=12177 outsize=1717 ok=1
Cmd: compileComputeKernel
  api=14 insize=3447 outsize=10479 ok=1
Cmd: compileComputeKernel
  api=14 insize=7589 outsize=1870 ok=1
Cmd: compileComputeKernel
  api=14 insize=13940 outsize=3244 ok=1
Cmd: translateComputeKernel
  api=14 insize=18053 outsize=18256 ok=1
Cmd: compileSnippet
  api=14 type=0 insize=7868 outsize=8159 kw=DECALS_3RT _NORMALMAP_TANGENT_SPACE pd=UNITY_ENABLE_REFLECTION_BUFFERS UNITY_USE_DITHER_MASK_FOR_ALPHABLENDED_SHADOWS UNITY_PBS_USE_BRDF1 UNITY_SPECCUBE_BOX_PROJECTION UNITY_SPECCUBE_BLENDING UNITY_ENABLE_DETAIL_NORMALMAP SHADER_API_DESKTOP UNITY_LIGHT_PROBE_PROXY_VOLUME UNITY_LIGHTMAP_FULL_HDR ok=1

Quitting shader compiler process
