Base path: '/Applications/2019.3.0f6/Unity.app/Contents', plugins path '/Applications/2019.3.0f6/PlaybackEngines'
Cmd: initializeCompiler
Cmd: translateComputeKernel
  api=14 insize=11742 outsize=25434 ok=1
Cmd: compileComputeKernel
  api=14 insize=8630 outsize=13066 ok=1
Cmd: compileComputeKernel
  api=14 insize=17994 outsize=16820 ok=1
Cmd: compileComputeKernel
  api=14 insize=4026 outsize=1146 ok=1
Cmd: translateComputeKernel
  api=14 insize=2800 outsize=4891 ok=1
Cmd: compileComputeKernel
  api=14 insize=40246 outsize=54556 ok=1
Cmd: translateComputeKernel
  api=14 insize=53992 outsize=101639 ok=1
Cmd: translateComputeKernel
  api=14 insize=17670 outsize=36068 ok=1
Cmd: compileComputeKernel
  api=14 insize=9134 outsize=11811 ok=1
Cmd: compileComputeKernel
  api=14 insize=7841 outsize=15618 ok=1
Cmd: translateComputeKernel
  api=14 insize=865 outsize=805 ok=1
Cmd: compileComputeKernel
  api=14 insize=5168 outsize=11078 ok=1
Cmd: translateComputeKernel
  api=14 insize=1909 outsize=2256 ok=1
Cmd: translateComputeKernel
  api=14 insize=5006 outsize=8900 ok=1
Cmd: translateComputeKernel
  api=14 insize=18128 outsize=35197 ok=1
Cmd: compileComputeKernel
  api=14 insize=15784 outsize=46929 ok=1
Cmd: compileComputeKernel
  api=14 insize=15784 outsize=59633 ok=1
Cmd: compileComputeKernel
  api=14 insize=15784 outsize=116066 ok=1
Cmd: translateComputeKernel
  api=14 insize=45254 outsize=77488 ok=1
Cmd: translateComputeKernel
  api=14 insize=47675 outsize=82200 ok=1
Cmd: translateComputeKernel
  api=14 insize=48551 outsize=85286 ok=1
Cmd: translateComputeKernel
  api=14 insize=84608 outsize=174079 ok=1
Cmd: translateComputeKernel
  api=14 insize=87389 outsize=181643 ok=1
Cmd: compileComputeKernel
  api=14 insize=3971 outsize=4981 ok=1
Cmd: translateComputeKernel
  api=14 insize=4912 outsize=9055 ok=1
Cmd: translateComputeKernel
  api=14 insize=7438 outsize=16816 ok=1
Cmd: translateComputeKernel
  api=14 insize=10582 outsize=4623 ok=1
Cmd: translateComputeKernel
  api=14 insize=1923 outsize=3572 ok=1

Quitting shader compiler process
