Base path: '/Applications/2019.3.0f6/Unity.app/Contents', plugins path '/Applications/2019.3.0f6/PlaybackEngines'
Cmd: initializeCompiler
Cmd: compileComputeKernel
  api=14 insize=18731 outsize=9597 ok=1
Cmd: translateComputeKernel
  api=14 insize=9901 outsize=16818 ok=1
Cmd: compileComputeKernel
  api=14 insize=21138 outsize=103345 ok=1
Cmd: translateComputeKernel
  api=14 insize=35617 outsize=60661 ok=1
Cmd: compileComputeKernel
  api=14 insize=1226 outsize=1348 ok=1
Cmd: compileComputeKernel
  api=14 insize=10288 outsize=12573 ok=1
Cmd: compileComputeKernel
  api=14 insize=8630 outsize=14302 ok=1
Cmd: translateComputeKernel
  api=14 insize=15460 outsize=11756 ok=1
Cmd: translateComputeKernel
  api=14 insize=5372 outsize=7534 ok=1
Cmd: compileComputeKernel
  api=14 insize=17994 outsize=17801 ok=1
Cmd: translateComputeKernel
  api=14 insize=1355 outsize=1289 ok=1
Cmd: translateComputeKernel
  api=14 insize=2550 outsize=4248 ok=1
Cmd: translateComputeKernel
  api=14 insize=11445 outsize=22649 ok=1
Cmd: compileComputeKernel
  api=14 insize=40246 outsize=55406 ok=1
Cmd: translateComputeKernel
  api=14 insize=51454 outsize=97395 ok=1
Cmd: compileComputeKernel
  api=14 insize=1113 outsize=1059 ok=1
Cmd: translateComputeKernel
  api=14 insize=17099 outsize=34854 ok=1
Cmd: compileComputeKernel
  api=14 insize=7841 outsize=40095 ok=1
Cmd: translateComputeKernel
  api=14 insize=1540 outsize=1289 ok=1
Cmd: translateComputeKernel
  api=14 insize=8806 outsize=1368 ok=1
Cmd: translateComputeKernel
  api=14 insize=5204 outsize=9928 ok=1
Cmd: compileComputeKernel
  api=14 insize=26542 outsize=18329 ok=1
Cmd: compileComputeKernel
  api=14 insize=15784 outsize=115983 ok=1
Cmd: compileComputeKernel
  api=14 insize=15784 outsize=95628 ok=1
Cmd: translateComputeKernel
  api=14 insize=71856 outsize=142652 ok=1
Cmd: translateComputeKernel
  api=14 insize=116480 outsize=267993 ok=1
Cmd: translateComputeKernel
  api=14 insize=1305 outsize=2197 ok=1
Cmd: compileComputeKernel
  api=14 insize=3371 outsize=12072 ok=1
Cmd: compileComputeKernel
  api=14 insize=11069 outsize=18759 ok=1
Cmd: compileComputeKernel
  api=14 insize=7589 outsize=1881 ok=1

Quitting shader compiler process
