Base path: '/Applications/2019.3.0f6/Unity.app/Contents', plugins path '/Applications/2019.3.0f6/PlaybackEngines'
Cmd: initializeCompiler
Cmd: translateComputeKernel
  api=14 insize=12192 outsize=20256 ok=1
Cmd: translateComputeKernel
  api=14 insize=4447 outsize=6943 ok=1
Cmd: compileComputeKernel
  api=14 insize=8630 outsize=15376 ok=1
Cmd: translateComputeKernel
  api=14 insize=17772 outsize=15834 ok=1
Cmd: compileComputeKernel
  api=14 insize=1864 outsize=1997 ok=1
Cmd: translateComputeKernel
  api=14 insize=1997 outsize=3520 ok=1
Cmd: translateComputeKernel
  api=14 insize=16908 outsize=17596 ok=1
Cmd: compileComputeKernel
  api=14 insize=5899 outsize=14091 ok=1
Cmd: compileComputeKernel
  api=14 insize=3255 outsize=12280 ok=1
Cmd: compileComputeKernel
  api=14 insize=3158 outsize=48467 ok=1
Cmd: translateComputeKernel
  api=14 insize=48832 outsize=85873 ok=1
Cmd: compileComputeKernel
  api=14 insize=3111 outsize=2803 ok=1
Cmd: translateComputeKernel
  api=14 insize=1094 outsize=1068 ok=1
Cmd: compileComputeKernel
  api=14 insize=40246 outsize=55406 ok=1
Cmd: translateComputeKernel
  api=14 insize=55493 outsize=105223 ok=1
Cmd: compileComputeKernel
  api=14 insize=1113 outsize=1347 ok=1
Cmd: translateComputeKernel
  api=14 insize=17192 outsize=35220 ok=1
Cmd: compileComputeKernel
  api=14 insize=3116 outsize=3018 ok=1
Cmd: compileComputeKernel
  api=14 insize=7841 outsize=16354 ok=1
Cmd: translateComputeKernel
  api=14 insize=2645 outsize=3670 ok=1
Cmd: translateComputeKernel
  api=14 insize=1334 outsize=1343 ok=1
Cmd: compileComputeKernel
  api=14 insize=26542 outsize=18125 ok=1
Cmd: compileComputeKernel
  api=14 insize=15784 outsize=23963 ok=1
Cmd: compileComputeKernel
  api=14 insize=15784 outsize=94988 ok=1
Cmd: compileComputeKernel
  api=14 insize=15784 outsize=97657 ok=1
Cmd: translateComputeKernel
  api=14 insize=50132 outsize=89197 ok=1
Cmd: translateComputeKernel
  api=14 insize=84804 outsize=174510 ok=1
Cmd: translateComputeKernel
  api=14 insize=49154 outsize=88055 ok=1
Cmd: translateComputeKernel
  api=14 insize=67420 outsize=131774 ok=1
Cmd: translateComputeKernel
  api=14 insize=62089 outsize=118288 ok=1
Cmd: translateComputeKernel
  api=14 insize=9635 outsize=2384 ok=1
Cmd: translateComputeKernel
  api=14 insize=7010 outsize=13541 ok=1
Cmd: compileComputeKernel
  api=14 insize=11045 outsize=16150 ok=1
Cmd: compileSnippet
  api=14 type=0 insize=7278 outsize=8918 kw=UNITY_PASS_MOTIONVECTORS _NORMALMAP_TANGENT_SPACE pd=UNITY_ENABLE_REFLECTION_BUFFERS UNITY_USE_DITHER_MASK_FOR_ALPHABLENDED_SHADOWS UNITY_PBS_USE_BRDF1 UNITY_SPECCUBE_BOX_PROJECTION UNITY_SPECCUBE_BLENDING UNITY_ENABLE_DETAIL_NORMALMAP SHADER_API_DESKTOP UNITY_LIGHT_PROBE_PROXY_VOLUME UNITY_LIGHTMAP_FULL_HDR ok=1
Cmd: compileSnippet
  api=14 type=0 insize=7868 outsize=8379 kw=DEBUG_DISPLAY DECALS_3RT _NORMALMAP_TANGENT_SPACE pd=UNITY_ENABLE_REFLECTION_BUFFERS UNITY_USE_DITHER_MASK_FOR_ALPHABLENDED_SHADOWS UNITY_PBS_USE_BRDF1 UNITY_SPECCUBE_BOX_PROJECTION UNITY_SPECCUBE_BLENDING UNITY_ENABLE_DETAIL_NORMALMAP SHADER_API_DESKTOP UNITY_LIGHT_PROBE_PROXY_VOLUME UNITY_LIGHTMAP_FULL_HDR ok=1

Quitting shader compiler process
